[    0.000000] Linux version 4.15.0-66-generic (buildd@lgw01-amd64-044) (gcc version 7.4.0 (Ubuntu 7.4.0-1ubuntu1~18.04.1)) #75-Ubuntu SMP Tue Oct 1 05:24:09 UTC 2019 (Ubuntu 4.15.0-66.75-generic 4.15.18)
[    0.000000] Command line: BOOT_IMAGE=/boot/vmlinuz-4.15.0-66-generic root=LABEL=cloudimg-rootfs ro console=tty1 console=ttyS0
[    0.000000] KERNEL supported cpus:
[    0.000000]   Intel GenuineIntel
[    0.000000]   AMD AuthenticAMD
[    0.000000]   Centaur CentaurHauls
[    0.000000] random: get_random_u32 called from bsp_init_amd+0x207/0x2c0 with crng_init=0
[    0.000000] x86/fpu: Supporting XSAVE feature 0x001: 'x87 floating point registers'
[    0.000000] x86/fpu: Supporting XSAVE feature 0x002: 'SSE registers'
[    0.000000] x86/fpu: Supporting XSAVE feature 0x004: 'AVX registers'
[    0.000000] x86/fpu: xstate_offset[2]:  576, xstate_sizes[2]:  256
[    0.000000] x86/fpu: Enabled xstate features 0x7, context size is 832 bytes, using 'standard' format.
[    0.000000] e820: BIOS-provided physical RAM map:
[    0.000000] BIOS-e820: [mem 0x0000000000000000-0x000000000009fbff] usable
[    0.000000] BIOS-e820: [mem 0x000000000009fc00-0x000000000009ffff] reserved
[    0.000000] BIOS-e820: [mem 0x00000000000f0000-0x00000000000fffff] reserved
[    0.000000] BIOS-e820: [mem 0x0000000000100000-0x000000003ffeffff] usable
[    0.000000] BIOS-e820: [mem 0x000000003fff0000-0x000000003fffffff] ACPI data
[    0.000000] BIOS-e820: [mem 0x00000000fec00000-0x00000000fec00fff] reserved
[    0.000000] BIOS-e820: [mem 0x00000000fee00000-0x00000000fee00fff] reserved
[    0.000000] BIOS-e820: [mem 0x00000000fffc0000-0x00000000ffffffff] reserved
[    0.000000] NX (Execute Disable) protection: active
[    0.000000] SMBIOS 2.5 present.
[    0.000000] DMI: innotek GmbH VirtualBox/VirtualBox, BIOS VirtualBox 12/01/2006
[    0.000000] Hypervisor detected: KVM
[    0.000000] e820: last_pfn = 0x3fff0 max_arch_pfn = 0x400000000
[    0.000000] MTRR: Disabled
[    0.000000] x86/PAT: MTRRs disabled, skipping PAT initialization too.
[    0.000000] CPU MTRRs all blank - virtualized system.
[    0.000000] x86/PAT: Configuration [0-7]: WB  WT  UC- UC  WB  WT  UC- UC  
[    0.000000] found SMP MP-table at [mem 0x0009fff0-0x0009ffff]
[    0.000000] Scanning 1 areas for low memory corruption
[    0.000000] RAMDISK: [mem 0x35a8b000-0x36d3cfff]
[    0.000000] ACPI: Early table checksum verification disabled
[    0.000000] ACPI: RSDP 0x00000000000E0000 000024 (v02 VBOX  )
[    0.000000] ACPI: XSDT 0x000000003FFF0030 00003C (v01 VBOX   VBOXXSDT 00000001 ASL  00000061)
[    0.000000] ACPI: FACP 0x000000003FFF00F0 0000F4 (v04 VBOX   VBOXFACP 00000001 ASL  00000061)
[    0.000000] ACPI: DSDT 0x000000003FFF0470 0021FF (v02 VBOX   VBOXBIOS 00000002 INTL 20180105)
[    0.000000] ACPI: FACS 0x000000003FFF0200 000040
[    0.000000] ACPI: FACS 0x000000003FFF0200 000040
[    0.000000] ACPI: APIC 0x000000003FFF0240 00005C (v02 VBOX   VBOXAPIC 00000001 ASL  00000061)
[    0.000000] ACPI: SSDT 0x000000003FFF02A0 0001CC (v01 VBOX   VBOXCPUT 00000002 INTL 20180105)
[    0.000000] No NUMA configuration found
[    0.000000] Faking a node at [mem 0x0000000000000000-0x000000003ffeffff]
[    0.000000] NODE_DATA(0) allocated [mem 0x3ffc5000-0x3ffeffff]
[    0.000000] kvm-clock: cpu 0, msr 0:3ff44001, primary cpu clock
[    0.000000] kvm-clock: Using msrs 4b564d01 and 4b564d00
[    0.000000] kvm-clock: using sched offset of 5442357135 cycles
[    0.000000] clocksource: kvm-clock: mask: 0xffffffffffffffff max_cycles: 0x1cd42e4dffb, max_idle_ns: 881590591483 ns
[    0.000000] Zone ranges:
[    0.000000]   DMA      [mem 0x0000000000001000-0x0000000000ffffff]
[    0.000000]   DMA32    [mem 0x0000000001000000-0x000000003ffeffff]
[    0.000000]   Normal   empty
[    0.000000]   Device   empty
[    0.000000] Movable zone start for each node
[    0.000000] Early memory node ranges
[    0.000000]   node   0: [mem 0x0000000000001000-0x000000000009efff]
[    0.000000]   node   0: [mem 0x0000000000100000-0x000000003ffeffff]
[    0.000000] Reserved but unavailable: 98 pages
[    0.000000] Initmem setup node 0 [mem 0x0000000000001000-0x000000003ffeffff]
[    0.000000] ACPI: PM-Timer IO Port: 0x4008
[    0.000000] IOAPIC[0]: apic_id 2, version 32, address 0xfec00000, GSI 0-23
[    0.000000] ACPI: INT_SRC_OVR (bus 0 bus_irq 0 global_irq 2 dfl dfl)
[    0.000000] ACPI: INT_SRC_OVR (bus 0 bus_irq 9 global_irq 9 low level)
[    0.000000] Using ACPI (MADT) for SMP configuration information
[    0.000000] smpboot: Allowing 2 CPUs, 0 hotplug CPUs
[    0.000000] PM: Registered nosave memory: [mem 0x00000000-0x00000fff]
[    0.000000] PM: Registered nosave memory: [mem 0x0009f000-0x0009ffff]
[    0.000000] PM: Registered nosave memory: [mem 0x000a0000-0x000effff]
[    0.000000] PM: Registered nosave memory: [mem 0x000f0000-0x000fffff]
[    0.000000] e820: [mem 0x40000000-0xfebfffff] available for PCI devices
[    0.000000] Booting paravirtualized kernel on KVM
[    0.000000] clocksource: refined-jiffies: mask: 0xffffffff max_cycles: 0xffffffff, max_idle_ns: 7645519600211568 ns
[    0.000000] setup_percpu: NR_CPUS:8192 nr_cpumask_bits:2 nr_cpu_ids:2 nr_node_ids:1
[    0.000000] percpu: Embedded 46 pages/cpu s151552 r8192 d28672 u1048576
[    0.000000] PV qspinlock hash table entries: 256 (order: 0, 4096 bytes)
[    0.000000] Built 1 zonelists, mobility grouping on.  Total pages: 257913
[    0.000000] Policy zone: DMA32
[    0.000000] Kernel command line: BOOT_IMAGE=/boot/vmlinuz-4.15.0-66-generic root=LABEL=cloudimg-rootfs ro console=tty1 console=ttyS0
[    0.000000] Memory: 983436K/1048120K available (12300K kernel code, 2481K rwdata, 4260K rodata, 2436K init, 2388K bss, 64684K reserved, 0K cma-reserved)
[    0.000000] SLUB: HWalign=64, Order=0-3, MinObjects=0, CPUs=2, Nodes=1
[    0.000000] ftrace: allocating 39306 entries in 154 pages
[    0.004000] Hierarchical RCU implementation.
[    0.004000] 	RCU restricting CPUs from NR_CPUS=8192 to nr_cpu_ids=2.
[    0.004000] 	Tasks RCU enabled.
[    0.004000] RCU: Adjusting geometry for rcu_fanout_leaf=16, nr_cpu_ids=2
[    0.004000] NR_IRQS: 524544, nr_irqs: 440, preallocated irqs: 16
[    0.004000] Console: colour VGA+ 80x25
[    0.004000] console [tty1] enabled
[    0.004000] console [ttyS0] enabled
[    0.004000] ACPI: Core revision 20170831
[    0.004000] ACPI: 2 ACPI AML tables successfully acquired and loaded
[    0.004000] APIC: Switch to symmetric I/O mode setup
[    0.004000] x2apic enabled
[    0.004000] Switched APIC routing to physical x2apic.
[    0.006268] ..TIMER: vector=0x30 apic1=0 pin1=2 apic2=-1 pin2=-1
[    0.008013] tsc: Detected 2595.128 MHz processor
[    0.012075] tsc: Marking TSC unstable due to TSCs unsynchronized
[    0.016027] Calibrating delay loop (skipped) preset value.. 5190.25 BogoMIPS (lpj=10380512)
[    0.020017] pid_max: default: 32768 minimum: 301
[    0.024085] Security Framework initialized
[    0.028015] Yama: becoming mindful.
[    0.030120] AppArmor: AppArmor initialized
[    0.033587] Dentry cache hash table entries: 131072 (order: 8, 1048576 bytes)
[    0.036199] Inode-cache hash table entries: 65536 (order: 7, 524288 bytes)
[    0.040063] Mount-cache hash table entries: 2048 (order: 2, 16384 bytes)
[    0.044036] Mountpoint-cache hash table entries: 2048 (order: 2, 16384 bytes)
[    0.052122] Last level iTLB entries: 4KB 512, 2MB 1024, 4MB 512
[    0.055368] Last level dTLB entries: 4KB 1024, 2MB 1024, 4MB 512, 1GB 0
[    0.056016] Spectre V1 : Mitigation: usercopy/swapgs barriers and __user pointer sanitization
[    0.060039] Spectre V2 : Spectre mitigation: LFENCE not serializing, switching to generic retpoline
[    0.064015] Spectre V2 : Mitigation: Full generic retpoline
[    0.068047] Spectre V2 : Spectre v2 / SpectreRSB mitigation: Filling RSB on context switch
[    0.072016] Speculative Store Bypass: Mitigation: Speculative Store Bypass disabled via prctl and seccomp
[    0.076335] Freeing SMP alternatives memory: 36K
[    0.193346] smpboot: CPU0: AMD A6-9225 RADEON R4, 5 COMPUTE CORES 2C+3G (family: 0x15, model: 0x70, stepping: 0x0)
[    0.196479] Performance Events: PMU not available due to virtualization, using software events only.
[    0.200159] Hierarchical SRCU implementation.
[    0.205129] NMI watchdog: Perf event create on CPU 0 failed with -2
[    0.208014] NMI watchdog: Perf NMI watchdog permanently disabled
[    0.212191] smp: Bringing up secondary CPUs ...
[    0.216172] x86: Booting SMP configuration:
[    0.219388] .... node  #0, CPUs:      #1
[    0.004000] kvm-clock: cpu 1, msr 0:3ff44041, secondary cpu clock
[    0.224013] smp: Brought up 1 node, 2 CPUs
[    0.226425] smpboot: Max logical packages: 1
[    0.228030] smpboot: Total of 2 processors activated (10380.51 BogoMIPS)
[    0.232388] devtmpfs: initialized
[    0.236910] x86/mm: Memory block size: 128MB
[    0.240337] evm: security.selinux
[    0.242576] evm: security.SMACK64
[    0.244016] evm: security.SMACK64EXEC
[    0.248016] evm: security.SMACK64TRANSMUTE
[    0.252016] evm: security.SMACK64MMAP
[    0.256016] evm: security.apparmor
[    0.258243] evm: security.ima
[    0.260015] evm: security.capability
[    0.262000] clocksource: jiffies: mask: 0xffffffff max_cycles: 0xffffffff, max_idle_ns: 7645041785100000 ns
[    0.264044] futex hash table entries: 512 (order: 3, 32768 bytes)
[    0.269269] pinctrl core: initialized pinctrl subsystem
[    0.272287] RTC time: 21:50:36, date: 10/30/19
[    0.275378] NET: Registered protocol family 16
[    0.276189] audit: initializing netlink subsys (disabled)
[    0.280080] audit: type=2000 audit(1572472242.683:1): state=initialized audit_enabled=0 res=1
[    0.288011] cpuidle: using governor ladder
[    0.290561] cpuidle: using governor menu
[    0.292171] ACPI: bus type PCI registered
[    0.296020] acpiphp: ACPI Hot Plug PCI Controller Driver version: 0.5
[    0.300045] PCI: Using configuration type 1 for base access
[    0.303328] PCI: Using configuration type 1 for extended access
[    0.312198] HugeTLB registered 2.00 MiB page size, pre-allocated 0 pages
[    0.324189] ACPI: Added _OSI(Module Device)
[    0.326600] ACPI: Added _OSI(Processor Device)
[    0.328046] ACPI: Added _OSI(3.0 _SCP Extensions)
[    0.332020] ACPI: Added _OSI(Processor Aggregator Device)
[    0.336019] ACPI: Added _OSI(Linux-Dell-Video)
[    0.340020] ACPI: Added _OSI(Linux-Lenovo-NV-HDMI-Audio)
[    0.344021] ACPI: Added _OSI(Linux-HPI-Hybrid-Graphics)
[    0.348455] ACPI: Executed 1 blocks of module-level executable AML code
[    0.362787] ACPI: Interpreter enabled
[    0.364063] ACPI: (supports S0 S5)
[    0.368016] ACPI: Using IOAPIC for interrupt routing
[    0.372645] PCI: Using host bridge windows from ACPI; if necessary, use "pci=nocrs" and report a bug
[    0.376444] ACPI: Enabled 2 GPEs in block 00 to 07
[    0.397562] ACPI: PCI Root Bridge [PCI0] (domain 0000 [bus 00-ff])
[    0.400038] acpi PNP0A03:00: _OSC: OS supports [ExtendedConfig ASPM ClockPM Segments MSI]
[    0.404158] acpi PNP0A03:00: _OSC: OS now controls [PCIeHotplug PME AER PCIeCapability]
[    0.408740] PCI host bridge to bus 0000:00
[    0.412021] pci_bus 0000:00: root bus resource [io  0x0000-0x0cf7 window]
[    0.416022] pci_bus 0000:00: root bus resource [io  0x0d00-0xffff window]
[    0.420028] pci_bus 0000:00: root bus resource [mem 0x000a0000-0x000bffff window]
[    0.424023] pci_bus 0000:00: root bus resource [mem 0x40000000-0xfdffffff window]
[    0.428023] pci_bus 0000:00: root bus resource [bus 00-ff]
[    0.434854] pci 0000:00:01.1: legacy IDE quirk: reg 0x10: [io  0x01f0-0x01f7]
[    0.436022] pci 0000:00:01.1: legacy IDE quirk: reg 0x14: [io  0x03f6]
[    0.440054] pci 0000:00:01.1: legacy IDE quirk: reg 0x18: [io  0x0170-0x0177]
[    0.444022] pci 0000:00:01.1: legacy IDE quirk: reg 0x1c: [io  0x0376]
[    0.506409] pci 0000:00:07.0: quirk: [io  0x4000-0x403f] claimed by PIIX4 ACPI
[    0.508274] pci 0000:00:07.0: quirk: [io  0x4100-0x410f] claimed by PIIX4 SMB
[    0.536732] ACPI: PCI Interrupt Link [LNKA] (IRQs 5 9 10 *11)
[    0.540861] ACPI: PCI Interrupt Link [LNKB] (IRQs 5 9 *10 11)
[    0.544269] ACPI: PCI Interrupt Link [LNKC] (IRQs 5 *9 10 11)
[    0.549574] ACPI: PCI Interrupt Link [LNKD] (IRQs 5 9 10 *11)
[    0.557488] SCSI subsystem initialized
[    0.561249] pci 0000:00:02.0: vgaarb: setting as boot VGA device
[    0.563963] pci 0000:00:02.0: vgaarb: VGA device added: decodes=io+mem,owns=io+mem,locks=none
[    0.564064] pci 0000:00:02.0: vgaarb: bridge control possible
[    0.568015] vgaarb: loaded
[    0.572320] ACPI: bus type USB registered
[    0.576098] usbcore: registered new interface driver usbfs
[    0.580081] usbcore: registered new interface driver hub
[    0.584585] usbcore: registered new device driver usb
[    0.589172] EDAC MC: Ver: 3.0.0
[    0.592391] PCI: Using ACPI for IRQ routing
[    0.600007] NetLabel: Initializing
[    0.604017] NetLabel:  domain hash size = 128
[    0.608013] NetLabel:  protocols = UNLABELED CIPSOv4 CALIPSO
[    0.616048] NetLabel:  unlabeled traffic allowed by default
[    0.620128] clocksource: Switched to clocksource kvm-clock
[    0.674469] VFS: Disk quotas dquot_6.6.0
[    0.676835] VFS: Dquot-cache hash table entries: 512 (order 0, 4096 bytes)
[    0.685626] AppArmor: AppArmor Filesystem Enabled
[    0.696396] pnp: PnP ACPI init
[    0.698554] pnp: PnP ACPI: found 3 devices
[    0.718400] clocksource: acpi_pm: mask: 0xffffff max_cycles: 0xffffff, max_idle_ns: 2085701024 ns
[    0.722884] NET: Registered protocol family 2
[    0.726475] TCP established hash table entries: 8192 (order: 4, 65536 bytes)
[    0.734110] TCP bind hash table entries: 8192 (order: 5, 131072 bytes)
[    0.744413] TCP: Hash tables configured (established 8192 bind 8192)
[    0.747289] UDP hash table entries: 512 (order: 2, 16384 bytes)
[    0.750154] UDP-Lite hash table entries: 512 (order: 2, 16384 bytes)
[    0.752892] NET: Registered protocol family 1
[    0.759520] pci 0000:00:00.0: Limiting direct PCI/PCI transfers
[    0.760796] pci 0000:00:01.0: Activating ISA DMA hang workarounds
[    0.762096] pci 0000:00:02.0: Video device with shadowed ROM at [mem 0x000c0000-0x000dffff]
[    0.778069] Unpacking initramfs...
[    1.316577] Freeing initrd memory: 19144K
[    1.318648] clocksource: tsc: mask: 0xffffffffffffffff max_cycles: 0x256841b7fc2, max_idle_ns: 440795326358 ns
[    1.323305] platform rtc_cmos: registered platform RTC device (no PNP device found)
[    1.326925] Scanning for low memory corruption every 60 seconds
[    1.330842] Initialise system trusted keyrings
[    1.333066] Key type blacklist registered
[    1.335261] workingset: timestamp_bits=36 max_order=18 bucket_order=0
[    1.340629] zbud: loaded
[    1.343049] squashfs: version 4.0 (2009/01/31) Phillip Lougher
[    1.346380] fuse init (API version 7.26)
[    1.362755] Key type asymmetric registered
[    1.363793] Asymmetric key parser 'x509' registered
[    1.366679] Block layer SCSI generic (bsg) driver version 0.4 loaded (major 246)
[    1.369566] io scheduler noop registered
[    1.375607] io scheduler deadline registered
[    1.376587] io scheduler cfq registered (default)
[    1.403124] ACPI: AC Adapter [AC] (on-line)
[    1.423473] input: Power Button as /devices/LNXSYSTM:00/LNXPWRBN:00/input/input0
[    1.437671] ACPI: Power Button [PWRF]
[    1.440855] input: Sleep Button as /devices/LNXSYSTM:00/LNXSLPBN:00/input/input1
[    1.456954] ACPI: Sleep Button [SLPF]
[    1.471326] Serial: 8250/16550 driver, 32 ports, IRQ sharing enabled
[   .472505] ACPI: Battery Slot [BT0] (battery present)

[    1.630085] 00:02: ttyS0 at I/O 0x3f8 (irq = 4, base_baud = 115200) is a 16550A
[    1.638753] Linux agpgart interface v0.103
[    1.644017] loop: module loaded
[    1.646082] scsi host0: ata_piix
[    1.650206] scsi host1: ata_piix
[    1.651074] ata1: PATA max UDMA/33 cmd 0x1f0 ctl 0x3f6 bmdma 0xd000 irq 14
[    1.658584] ata2: PATA max UDMA/33 cmd 0x170 ctl 0x376 bmdma 0xd008 irq 15
[    1.660594] libphy: Fixed MDIO Bus: probed
[    1.663256] tun: Universal TUN/TAP device driver, 1.6
[    1.664441] PPP generic driver version 2.4.2
[    1.672373] ehci_hcd: USB 2.0 'Enhanced' Host Controller (EHCI) Driver
[    1.674580] ehci-pci: EHCI PCI platform driver
[    1.675472] ehci-platform: EHCI generic platform driver
[    1.676549] ohci_hcd: USB 1.1 'Open' Host Controller (OHCI) Driver
[    1.677705] ohci-pci: OHCI PCI platform driver
[    1.678561] ohci-platform: OHCI generic platform driver
[    1.685791] uhci_hcd: USB Universal Host Controller Interface driver
[    1.693209] i8042: PNP: PS/2 Controller [PNP0303:PS2K,PNP0f03:PS2M] at 0x60,0x64 irq 1,12
[    1.695367] serio: i8042 KBD port at 0x60,0x64 irq 1
[    1.702337] serio: i8042 AUX port at 0x60,0x64 irq 12
[    1.710592] mousedev: PS/2 mouse device common for all mice
[    1.712491] input: AT Translated Set 2 keyboard as /devices/platform/i8042/serio0/input/input2
[    1.716840] rtc_cmos rtc_cmos: rtc core: registered rtc_cmos as rtc0
[    1.756250] rtc_cmos rtc_cmos: alarms up to one day, 114 bytes nvram
[    1.759361] i2c /dev entries driver
[   1.760276] device-mapper: uevent: version 1.0.3

[    1.790846] device-mapper: ioctl: 4.37.0-ioctl (2017-09-20) initialised: dm-devel@redhat.com
[    1.793543] ledtrig-cpu: registered to indicate activity on CPUs
[    1.794946] x86/pm: family 0x15 cpu detected, MSR saving is needed during suspending.
[    1.798562] NET: Registered protocol family 10
[    1.812149] Segment Routing with IPv6
[    1.813141] NET: Registered protocol family 17
[    1.814286] Key type dns_resolver registered
[    1.815624] mce: Using 0 MCE banks
[    1.816519] RAS: Correctable Errors collector initialized.
[    1.835260] sched_clock: Marking stable (1834910031, 0)->(2552708528, -717798497)
[    1.841013] registered taskstats version 1
[    1.843677] Loading compiled-in X.509 certificates
[    1.858932] Loaded X.509 cert 'Build time autogenerated kernel key: 01a66adcc10ca4ce7676a3458c33483b0e2b806e'
[    1.863596] zswap: loaded using pool lzo/zbud
[    1.889268] Key type big_key registered
[    1.891544] Key type trusted registered
[    1.906350] Key type encrypted registered
[    1.909095] AppArmor: AppArmor sha1 policy hashing enabled
[    1.915319] ima: No TPM chip found, activating TPM-bypass! (rc=-19)
[    1.919225] ima: Allocated hash algorithm: sha1
[    1.922187] evm: HMAC attrs: 0x1
[    1.927885]   Magic number: 7:297:855
[    1.932415] rtc_cmos rtc_cmos: setting system clock to 2019-10-30 21:50:38 UTC (1572472238)
[    1.942915] BIOS EDD facility v0.16 2004-Jun-25, 0 devices found
[    1.948094] EDD information not available.
[    1.962261] Freeing unused kernel image memory: 2436K
[    1.968325] Write protecting the kernel read-only data: 20480k
[    1.975959] Freeing unused kernel image memory: 2008K
[    2.426034] Freeing unused kernel image memory: 1884K
[    3.853412] x86/mm: Checked W+X mappings: passed, no W+X pages found.
Loading, please wait...
starting version 237
[    3.994163] Fusion MPT base driver 3.04.20
[    3.994980] e1000: Intel(R) PRO/1000 Network Driver - version 7.3.21-k8-NAPI
[    3.995369] Copyright (c) 1999-2008 LSI Corporation
[    3.998952] e1000: Copyright (c) 1999-2006 Intel Corporation.
[    4.043687] AVX2 version of gcm_enc/dec engaged.
[    4.046101] AES CTR mode by8 optimization enabled
[    4.078167] Fusion MPT SPI Host driver 3.04.20
[    4.251824] input: ImExPS/2 Generic Explorer Mouse as /devices/platform/i8042/serio1/input/input4
[    4.441391] e1000 0000:00:03.0 eth0: (PCI:33MHz:32-bit) 02:c7:16:cf:84:50
[    4.448287] e1000 0000:00:03.0 eth0: Intel(R) PRO/1000 Network Connection
[    4.758741] mptbase: ioc0: Initiating bringup
[    4.764174] e1000 0000:00:03.0 enp0s3: renamed from eth0
[    4.856680] ioc0: LSI53C1030 A0: Capabilities={Initiator}
[    5.098381] scsi host2: ioc0: LSI53C1030 A0, FwRev=00000000h, Ports=1, MaxQ=256, IRQ=20
[    5.268835] scsi 2:0:0:0: Direct-Access     VBOX     HARDDISK         1.0  PQ: 0 ANSI: 5
[    5.304170] scsi target2:0:0: Beginning Domain Validation
[    5.313041] scsi target2:0:0: Domain Validation skipping write tests
[    5.314656] scsi target2:0:0: Ending Domain Validation
[    5.322284] scsi target2:0:0: asynchronous
[    5.323829] scsi 2:0:1:0: Direct-Access     VBOX     HARDDISK         1.0  PQ: 0 ANSI: 5
[    5.764268] scsi target2:0:1: Beginning Domain Validation
[    5.769547] random: fast init done
[    5.772546] scsi target2:0:1: Domain Validation skipping write tests
[    5.773899] scsi target2:0:1: Ending Domain Validation
[    5.775113] scsi target2:0:1: asynchronous
[    5.785292] random: systemd-udevd: uninitialized urandom read (16 bytes read)
[    5.785550] sd 2:0:0:0: Attached scsi generic sg0 type 0
[    5.789408] sd 2:0:0:0: [sda] 20971520 512-byte logical blocks: (10.7 GB/10.0 GiB)
[    5.796095] sd 2:0:1:0: Attached scsi generic sg1 type 0
[    5.801371] random: systemd-udevd: uninitialized urandom read (16 bytes read)
[    5.808467] random: systemd-udevd: uninitialized urandom read (16 bytes read)
[    5.810985] sd 2:0:0:0: [sda] Write Protect is off
[    5.811585] sd 2:0:1:0: [sdb] 20480 512-byte logical blocks: (10.5 MB/10.0 MiB)
[    5.816595] sd 2:0:1:0: [sdb] Write Protect is off
[    5.822850] sd 2:0:0:0: [sda] Incomplete mode parameter data
[    5.822913] sd 2:0:1:0: [sdb] Incomplete mode parameter data
[    5.825262] sd 2:0:0:0: [sda] Assuming drive cache: write through
[    5.826271] sd 2:0:1:0: [sdb] Assuming drive cache: write through
[    6.441678]  sda: sda1
[    6.443029] sd 2:0:0:0: [sda] Attached SCSI disk
[    6.467074] sd 2:0:1:0: [sdb] Attached SCSI disk
Begin: Loading essential drivers ... [    8.220037] raid6: sse2x1   gen()  4416 MB/s
[    8.268024] raid6: sse2x1   xor()  3379 MB/s
[    8.316103] raid6: sse2x2   gen()  5442 MB/s
[    8.368071] raid6: sse2x2   xor()  4025 MB/s
[    8.416065] raid6: sse2x4   gen()  3682 MB/s
[    8.464090] raid6: sse2x4   xor()  3142 MB/s
[    8.516069] raid6: avx2x1   gen()  6865 MB/s
[    8.564075] raid6: avx2x1   xor()  4778 MB/s
[    8.612078] raid6: avx2x2   gen()  7172 MB/s
[    8.660014] raid6: avx2x2   xor()  5328 MB/s
[    8.708042] raid6: avx2x4   gen()  3519 MB/s
[    8.760020] raid6: avx2x4   xor()  3967 MB/s
[    8.760942] raid6: using algorithm avx2x2 gen() 7172 MB/s
[    8.762017] raid6: .... xor() 5328 MB/s, rmw enabled
[    8.768319] raid6: using avx2x2 recovery algorithm
[    8.770773] xor: automatically using best checksumming function   avx       
[    8.781024] async_tx: api initialized (async)
done.
Begin: Running /scripts/init-premount ... done.
Begin: Mounting root file system ... Begin: Running /scripts/local-top ... done.
Begin: Running /scripts/local-premount ... [    8.868848] Btrfs loaded, crc32c=crc32c-intel
Scanning for Btrfs filesystems
done.
Warning: fsck not present, so skipping root file system
[    9.165226] EXT4-fs (sda1): mounted filesystem with ordered data mode. Opts: (null)
done.
Begin: Running /scripts/local-bottom ... done.
Begin: Running /scripts/init-bottom ... done.
[   10.382609] ip_tables: (C) 2000-2006 Netfilter Core Team
[   10.590226] systemd[1]: systemd 237 running in system mode. (+PAM +AUDIT +SELINUX +IMA +APPARMOR +SMACK +SYSVINIT +UTMP +LIBCRYPTSETUP +GCRYPT +GNUTLS +ACL +XZ +LZ4 +SECCOMP +BLKID +ELFUTILS +KMOD -IDN2 +IDN -PCRE2 default-hierarchy=hybrid)
[   10.801354] systemd[1]: Detected virtualization oracle.
[   10.802302] systemd[1]: Detected architecture x86-64.

Welcome to [1mUbuntu 18.04.3 LTS[0m!

[   10.833631] systemd[1]: Set hostname to <ubuntu-bionic>.
[   11.253146] random: crng init done
[   11.254570] random: 7 urandom warning(s) missed due to ratelimiting
[   13.233985] systemd[1]: Reached target User and Group Name Lookups.
[[0;32m  OK  [0m] Reached target User and Group Name Lookups.
[   13.245525] systemd[1]: Created slice User and Session Slice.
[[0;32m  OK  [0m] Created slice User and Session Slice.
[   13.247917] systemd[1]: Reached target Swap.
[[0;32m  OK  [0m] Reached target Swap.
[   13.249774] systemd[1]: Reached target System Time Synchronized.
[[0;32m  OK  [0m] Reached target System Time Synchronized.
[   13.252627] systemd[1]: Set up automount Arbitrary Executable File Formats File System Automount Point.
[[0;32m  OK  [0m] Set up automount Arbitrary Executab…rmats File System Automount Point.
[   13.263024] systemd[1]: Started Forward Password Requests to Wall Directory Watch.
[[0;32m  OK  [0m] Started Forward Password Requests to Wall Directory Watch.
[[0;32m  OK  [0m] Created slice System Slice.
[[0;32m  OK  [0m] Listening on LVM2 metadata daemon socket.
[[0;32m  OK  [0m] Listening on Device-mapper event daemon FIFOs.
[[0;32m  OK  [0m] Listening on LVM2 poll daemon socket.
[[0;32m  OK  [0m] Listening on udev Kernel Socket.
[[0;32m  OK  [0m] Listening on /dev/initctl Compatibility Named Pipe.
[[0;32m  OK  [0m] Created slice system-serial\x2dgetty.slice.
[[0;32m  OK  [0m] Listening on Journal Audit Socket.
[[0;32m  OK  [0m] Reached target Slices.
[[0;32m  OK  [0m] Listening on Network Service Netlink Socket.
[[0;32m  OK  [0m] Listening on udev Control Socket.
[[0;32m  OK  [0m] Listening on Journal Socket (/dev/log).
[[0;32m  OK  [0m] Listening on Journal Socket.
         Mounting Kernel Debug File System...
         Starting Uncomplicated firewall...
         Starting Remount Root and Kernel File Systems...
         Starting Set the[   13.476832] EXT4-fs (sda1): re-mounted. Opts: (null)
 console keyboard layout...
         Mounting POSIX Message Queue File System...
         Starting Create list of required st…ce nodes for the current kernel...
         Starting Load Kernel Modules...
         Starting Monitoring of LVM2 mirrors…ng dmeventd or progress polling...
         Starting udev Coldplug all Devices...
         Mounting Huge Pages File System...
[[0;32m  OK  [0m] Listening on Syslog Socket.
         Starting Journal Service...
[   13.675481] Loading iSCSI transport class v2.0-870.
[   13.699439] iscsi: registered transport (tcp)
[[0;32m  OK  [0m] Created slice system-postgresql.slice.
[[0;32m  OK  [0m] Mounted Kernel Debug File System.
[[0;32m  OK  [0m] Started Uncomplicated firewall.
[[0;32m  OK  [0m] Started Remount Root and Kernel File Systems.
[[0;32m  OK  [0m] Mounted POSIX Message Queue File System.
[[0;32m  OK  [0m] Started Create list of required sta…vice nodes for the current kernel.
[[0;32m  OK  [0m] Mounted Huge Pages File System.
         Starting Create Static Device Nodes in /dev...
         Starting Load/Save Random Seed...
[   13.800698] iscsi: registered transport (iser)
[[0;32m  OK  [0m] Started Journal Service.
[[0;32m  OK  [0m] Started Load Kernel Modules.
[[0;32m  OK  [0m] Started udev Coldplug all Devices.
         Mounting FUSE Control File System...
         Mounting Kernel Configuration File System...
         Starting Apply Kernel Variables...
         Starting Flush Journal to Persistent Storage...
[[0;32m  OK  [0m] Mounted FUSE Control File System.
[[0;32m  OK  [0m] Mounted Kernel Configuration File System.
[[0;32m  OK  [0m] Started Create Static Device Nodes in /dev.
         Starting udev Kernel Device Manager...
[[0;32m  OK  [0m] Started Load/Save Random Seed.
[[0;32m  OK  [0m] Started LVM2 metadata daemon.
[[0;32m  OK  [0m] Started Apply Kernel Variables.
[[0;32m  OK  [0m] Started Monitoring of LVM2 mirrors,…sing dmeventd or progress polling.
[[0;32m  OK  [0m] Started udev Kernel Device Manager.
[[0;32m  OK  [0m] Found device /dev/ttyS0.
[[0;32m  OK  [0m] Started Flush Journal to Persistent Storage.
[[0;32m  OK  [0m] Listening on Load/Save RF Kill Switch Status /dev/rfkill Watch.
[[0;32m  OK  [0m] Started Set the console keyboard layout.
[[0;32m  OK  [0m] Reached target Local File Systems (Pre).
[[0;32m  OK  [0m] Reached target Local File Systems.
         Starting AppArmor initialization...
         Starting Create Volatile Files and Directories...
         Starting Set console font and keymap...
         Starting Tell Plymouth To Write Out Runtime Data...
         Starting ebtables ruleset management...
[[0;32m  OK  [0m] Started Dispatch Password Requests to Console Directory Watch.
[[0;32m  OK  [0m] Reached target Local Encrypted Volumes.
[[0;32m  OK  [0m] Started Set console font and keymap.
[[0;32m  OK  [0m] Started Tell Plymouth To Write Out Runtime Data.
[[0;32m  OK  [0m] Started Create Volatile Files and Directories.
         Starting Update UTMP about System Boot/Shutdown...
[[0;32m  OK  [0m] Started Update UTMP about System Boot/Shutdown.
[[0;32m  OK  [0m] Started ebtables ruleset management.
[[0;32m  OK  [0m] Started AppArmor initialization.
         Starting Initial cloud-init job (pre-networking)...
[   23.809017] cloud-init[653]: Cloud-init v. 19.2-36-g059d049c-0ubuntu2~18.04.1 running 'init-local' at Wed, 30 Oct 2019 21:50:58 +0000. Up 21.96 seconds.
[[0;32m  OK  [0m] Started Initial cloud-init job (pre-networking).
[[0;32m  OK  [0m] Reached target Network (Pre).
         Starting Network Service...
[[0;32m  OK  [0m] Started Network Service.
         Starting Network Name Resolution...
         Starting Wait for Network to be Configured...
[[0;32m  OK  [0m] Started Network Name Resolution.
[[0;32m  OK  [0m] Reached target Host and Network Name Lookups.
[[0;32m  OK  [0m] Reached target Network.
[[0;32m  OK  [0m] Started Wait for Network to be Configured.
         Starting Initial cloud-init job (metadata service crawler)...
[   30.277034] cloud-init[747]: Cloud-init v. 19.2-36-g059d049c-0ubuntu2~18.04.1 running 'init' at Wed, 30 Oct 2019 21:51:05 +0000. Up 29.08 seconds.
[   30.450634] cloud-init[747]: ci-info: ++++++++++++++++++++++++++++++++++++++Net device info++++++++++++++++++++++++++++++++++++++
[   30.528879] cloud-init[747]: ci-info: +--------+------+----------------------------+---------------+--------+-------------------+
[   30.612479] cloud-init[747]: ci-info: | Device |  Up  |          Address           |      Mask     | Scope  |     Hw-Address    |
[   30.685433] cloud-init[747]: ci-info: +--------+------+----------------------------+---------------+--------+-------------------+
[   30.849042] cloud-init[747]: ci-info: | enp0s3 | True |         10.0.2.15          | 255.255.255.0 | global | 02:c7:16:cf:84:50 |
[   31.045640] cloud-init[747]: ci-info: | enp0s3 | True | fe80::c7:16ff:fecf:8450/64 |       .       |  link  | 02:c7:16:cf:84:50 |
[   31.244566] cloud-init[747]: ci-info: |   lo   | True |         127.0.0.1          |   255.0.0.0   |  host  |         .         |
[   31.270297] cloud-init[747]: ci-info: |   lo   | True |          ::1/128           |       .       |  host  |         .         |
[   31.395243] cloud-init[747]: ci-info: +--------+------+----------------------------+---------------+--------+-------------------+
[   31.592114] cloud-init[747]: ci-info: ++++++++++++++++++++++++++++Route IPv4 info+++++++++++++++++++++++++++++
[   31.661629] cloud-init[747]: ci-info: +-------+-------------+----------+-----------------+-----------+-------+
[   31.685131] cloud-init[747]: ci-info: | Route | Destination | Gateway  |     Genmask     | Interface | Flags |
[   31.725878] cloud-init[747]: ci-info: +-------+-------------+----------+-----------------+-----------+-------+
[   31.757825] cloud-init[747]: ci-info: |   0   |   0.0.0.0   | 10.0.2.2 |     0.0.0.0     |   enp0s3  |   UG  |
[   31.898372] cloud-init[747]: ci-info: |   1   |   10.0.2.0  | 0.0.0.0  |  255.255.255.0  |   enp0s3  |   U   |
[[0;32m  OK  [0m[   32.052164] cloud-init[747]: ci-info: |   2   |   10.0.2.2  | 0.0.0.0  | 255.255.255.255 |   enp0s3  |   UH  |
[   32.053463] cloud-init[747]: ci-info: +-------+-------------+----------+-----------------+-----------+-------+
[   32.053641] cloud-init[747]: ci-info: +++++++++++++++++++Route IPv6 info+++++++++++++++++++
[   32.053857] cloud-init[747]: ci-info: +-------+-------------+---------+-----------+-------+
[   32.053993] cloud-init[747]: ci-info: | Route | Destination | Gateway | Interface | Flags |
[   32.054079] cloud-init[747]: ci-info: +-------+-------------+---------+-----------+-------+
[   32.054186] cloud-init[747]: ci-info: |   1   |  fe80::/64  |    ::   |   enp0s3  |   U   |
[   32.054490] cloud-init[747]: ci-info: |   3   |    local    |    ::   |   enp0s3  |   U   |
[   32.054648] cloud-init[747]: ci-info: |   4   |   ff00::/8  |    ::   |   enp0s3  |   U   |
[   32.054735] cloud-init[747]: ci-info: +-------+-------------+---------+-----------+-------+
] Started Initial cloud-init job (metadata service crawler).
[[0;32m  OK  [0m] Reached target System Initialization.
[[0;32m  OK  [0m] Started Daily apt download activities.
[[0;32m  OK  [0m] Listening on ACPID Listen Socket.
[[0;32m  OK  [0m] Started Message of the Day.
         Starting LXD - unix socket.
[[0;32m  OK  [0m] Started Discard unused blocks once a week.
[[0;32m  OK  [0m] Started ACPI Events Check.
[[0;32m  OK  [0m] Reached target Paths.
[[0;32m  OK  [0m] Listening on D-Bus System Message Bus Socket.
[[0;32m  OK  [0m] Listening on UUID daemon activation socket.
         Starting Socket activation for snappy daemon.
[[0;32m  OK  [0m] Started Daily Cleanup of Temporary Directories.
[[0;32m  OK  [0m] Listening on Open-iSCSI iscsid Socket.
[[0;32m  OK  [0m] Started Daily apt upgrade and clean activities.
[[0;32m  OK  [0m] Reached target Timers.
[[0;32m  OK  [0m] Reached target Cloud-config availability.
[[0;32m  OK  [0m] Reached target Network is Online.
[[0;32m  OK  [0m] Reached target Remote File Systems (Pre).
[[0;32m  OK  [0m] Reached target Remote File Systems.
         Starting Availability of block devices...
[[0;32m  OK  [0m] Listening on LXD - unix socket.
[[0;32m  OK  [0m] Listening on Socket activation for snappy daemon.
[[0;32m  OK  [0m] Started Availability of block devices.
[[0;32m  OK  [0m] Reached target Sockets.
[[0;32m  OK  [0m] Reached target Basic System.
         Starting Login Service...
[[0;32m  OK  [0m] Started D-Bus System Message Bus.
         Starting Permit User Sessions...
         Starting LXD - container startup/shutdown...
         Starting Virtualbox guest utils...
         Starting LSB: automatic crash report generation...
[[0;32m  OK  [0m] Started Deferred execution scheduler.
         Starting System Logging Service...
[[0;32m  OK  [0m] Started FUSE filesystem for LXC.
         Starting Accounts Service...
         Starting OpenBSD Secure Shell server...
         Starting Dispatcher daemon for systemd-networkd...
         Starting Resets System Activity Data Collector...
         Starting PostgreSQL Cluster 10-main...
[[0;32m  OK  [0m] Started Regular background program processing daemon.
[[0;32m  OK  [0m] Started irqbalance daemon.
         Starting LSB: Record successful boot for GRUB...
         Starting Snappy daemon...
[[0;32m  OK  [0m] Started System Logging Service.
[[0;32m  OK  [0m] Started Permit User Sessions.
[[0;32m  OK  [0m] Started Resets System Activity Data Collector.
[[0;32m  OK  [0m] Started Login Service.
         Starting Authorization Manager...
[[0;32m  OK  [0m] Started Unattended Upgrades Shutdown.
         Starting Hold until boot process finishes up...
         Starting Terminate Plymouth Boot Screen...
[[0;32m  OK  [0m] Started Hold until boot process finishes up.
[[0;32m  OK  [0m] Started Terminate Plymouth Boot Screen.
         Starting Set console scheme...
[[0;32m  OK  [0m] Started Serial Getty on ttyS0.
[[0;32m  OK  [0m] Started LSB: automatic crash report generation.
[[0;32m  OK  [0m] Started OpenBSD Secure Shell server.
[[0;32m  OK  [0m] Started Set console scheme.
[[0;32m  OK  [0m] Created slice system-getty.slice.
[[0;32m  OK  [0m] Started Getty on tty1.
[[0;32m  OK  [0m] Reached target Login Prompts.
[[0;32m  OK  [0m] Started Authorization Manager.
[[0;32m  OK  [0m] Started Accounts Service.
[[0;32m  OK  [0m] Started LSB: Record successful boot for GRUB.
[[0;32m  OK  [0m] Started Virtualbox guest utils.
[[0;32m  OK  [0m] Started Dispatcher daemon for systemd-networkd.
[[0;32m  OK  [0m] Created slice User Slice of vagrant.
[[0;32m  OK  [0m] Started LXD - container startup/shutdown.
[[0;32m  OK  [0m] Started Session 1 of user vagrant.
         Starting User Manager for UID 1000...
[[0;32m  OK  [0m] Started User Manager for UID 1000.
[[0;32m  OK  [0m] Started Snappy daemon.
         Starting Wait until snapd is fully seeded...
[[0;32m  OK  [0m] Started Wait until snapd is fully seeded.
         Starting Apply the settings specified in cloud-config...

Ubuntu 18.04.3 LTS ubuntu-bionic ttyS0

ubuntu-bionic login: [   48.298001] cloud-init[1148]: Cloud-init v. 19.2-36-g059d049c-0ubuntu2~18.04.1 running 'modules:config' at Wed, 30 Oct 2019 21:51:23 +0000. Up 46.81 seconds.
[   51.000801] cloud-init[1269]: Cloud-init v. 19.2-36-g059d049c-0ubuntu2~18.04.1 running 'modules:final' at Wed, 30 Oct 2019 21:51:27 +0000. Up 50.55 seconds.
[   51.004403] cloud-init[1269]: Cloud-init v. 19.2-36-g059d049c-0ubuntu2~18.04.1 finished at Wed, 30 Oct 2019 21:51:27 +0000. Datasource DataSourceNoCloud [seed=/dev/sdb][dsmode=net].  Up 50.97 seconds
